[2026-02-07 22:51:45] [Error] تعذر تحليل INI: !!ProjectXRe_INI.big::Data\INI\Crate.ini | ملف الأرشيف غير موجود: !!ProjectXRe_INI.big
[2026-02-07 22:51:45] [Info] Stack:    at ZeroHourStudio.Infrastructure.Archives.BigArchiveManager..ctor(String archivePath) in D:\ZeroHourStudio\ZeroHourStudio.Infrastructure\Archives\BigArchiveManager.cs:line 28
   at ZeroHourStudio.Infrastructure.DependencyResolution.SmartDependencyResolver.ReadIniContentAsync(String path) in D:\ZeroHourStudio\ZeroHourStudio.Infrastructure\DependencyResolution\SmartDependencyResolver.cs:line 1408
   at ZeroHourStudio.Infrastructure.DependencyResolution.SmartDependencyResolver.ReadIniContentCachedAsync(String path) in D:\ZeroHourStudio\ZeroHourStudio.Infrastructure\DependencyResolution\SmartDependencyResolver.cs:line 1322
   at ZeroHourStudio.Infrastructure.DependencyResolution.SmartDependencyResolver.ParseIniDependenciesAsync(DependencyNode parentNode, String sourceModPath, UnitDependencyGraph graph) in D:\ZeroHourStudio\ZeroHourStudio.Infrastructure\DependencyResolution\SmartDependencyResolver.cs:line 225
[2026-02-07 22:56:02] [Error] تعذر تحليل INI: !!ProjectXRe_INI.big::Data\INI\Object\Neutral\TechBuildings\ReinforcementPad.ini | ملف الأرشيف غير موجود: !!ProjectXRe_INI.big
[2026-02-07 22:56:02] [Info] Stack:    at ZeroHourStudio.Infrastructure.Archives.BigArchiveManager..ctor(String archivePath) in D:\ZeroHourStudio\ZeroHourStudio.Infrastructure\Archives\BigArchiveManager.cs:line 28
   at ZeroHourStudio.Infrastructure.DependencyResolution.SmartDependencyResolver.ReadIniContentAsync(String path) in D:\ZeroHourStudio\ZeroHourStudio.Infrastructure\DependencyResolution\SmartDependencyResolver.cs:line 1411
   at ZeroHourStudio.Infrastructure.DependencyResolution.SmartDependencyResolver.ReadIniContentCachedAsync(String path) in D:\ZeroHourStudio\ZeroHourStudio.Infrastructure\DependencyResolution\SmartDependencyResolver.cs:line 1325
   at ZeroHourStudio.Infrastructure.DependencyResolution.SmartDependencyResolver.ParseIniDependenciesAsync(DependencyNode parentNode, String sourceModPath, UnitDependencyGraph graph) in D:\ZeroHourStudio\ZeroHourStudio.Infrastructure\DependencyResolution\SmartDependencyResolver.cs:line 225
[2026-02-07 22:56:15] [Error] تعذر تحليل INI: !!ProjectXRe_INI.big::Data\INI\Object\Neutral\TechBuildings\ReinforcementPad.ini | ملف الأرشيف غير موجود: !!ProjectXRe_INI.big
[2026-02-07 22:56:15] [Info] Stack:    at ZeroHourStudio.Infrastructure.Archives.BigArchiveManager..ctor(String archivePath) in D:\ZeroHourStudio\ZeroHourStudio.Infrastructure\Archives\BigArchiveManager.cs:line 28
   at ZeroHourStudio.Infrastructure.DependencyResolution.SmartDependencyResolver.ReadIniContentAsync(String path) in D:\ZeroHourStudio\ZeroHourStudio.Infrastructure\DependencyResolution\SmartDependencyResolver.cs:line 1411
   at ZeroHourStudio.Infrastructure.DependencyResolution.SmartDependencyResolver.ReadIniContentCachedAsync(String path) in D:\ZeroHourStudio\ZeroHourStudio.Infrastructure\DependencyResolution\SmartDependencyResolver.cs:line 1325
   at ZeroHourStudio.Infrastructure.DependencyResolution.SmartDependencyResolver.ParseIniDependenciesAsync(DependencyNode parentNode, String sourceModPath, UnitDependencyGraph graph) in D:\ZeroHourStudio\ZeroHourStudio.Infrastructure\DependencyResolution\SmartDependencyResolver.cs:line 225
[2026-02-07 22:56:24] [Error] تعذر تحليل INI: !!ProjectXRe_INI.big::Data\INI\Object\Neutral\TechBuildings\ReinforcementPad.ini | ملف الأرشيف غير موجود: !!ProjectXRe_INI.big
[2026-02-07 22:56:24] [Info] Stack:    at ZeroHourStudio.Infrastructure.Archives.BigArchiveManager..ctor(String archivePath) in D:\ZeroHourStudio\ZeroHourStudio.Infrastructure\Archives\BigArchiveManager.cs:line 28
   at ZeroHourStudio.Infrastructure.DependencyResolution.SmartDependencyResolver.ReadIniContentAsync(String path) in D:\ZeroHourStudio\ZeroHourStudio.Infrastructure\DependencyResolution\SmartDependencyResolver.cs:line 1411
   at ZeroHourStudio.Infrastructure.DependencyResolution.SmartDependencyResolver.ReadIniContentCachedAsync(String path) in D:\ZeroHourStudio\ZeroHourStudio.Infrastructure\DependencyResolution\SmartDependencyResolver.cs:line 1325
   at ZeroHourStudio.Infrastructure.DependencyResolution.SmartDependencyResolver.ParseIniDependenciesAsync(DependencyNode parentNode, String sourceModPath, UnitDependencyGraph graph) in D:\ZeroHourStudio\ZeroHourStudio.Infrastructure\DependencyResolution\SmartDependencyResolver.cs:line 225
[2026-02-07 22:56:25] [Error] تعذر تحليل INI: !!ProjectXRe_INI.big::Data\INI\Object\Neutral\TechBuildings\ReinforcementPad.ini | ملف الأرشيف غير موجود: !!ProjectXRe_INI.big
[2026-02-07 22:56:25] [Info] Stack:    at ZeroHourStudio.Infrastructure.Archives.BigArchiveManager..ctor(String archivePath) in D:\ZeroHourStudio\ZeroHourStudio.Infrastructure\Archives\BigArchiveManager.cs:line 28
   at ZeroHourStudio.Infrastructure.DependencyResolution.SmartDependencyResolver.ReadIniContentAsync(String path) in D:\ZeroHourStudio\ZeroHourStudio.Infrastructure\DependencyResolution\SmartDependencyResolver.cs:line 1411
   at ZeroHourStudio.Infrastructure.DependencyResolution.SmartDependencyResolver.ReadIniContentCachedAsync(String path) in D:\ZeroHourStudio\ZeroHourStudio.Infrastructure\DependencyResolution\SmartDependencyResolver.cs:line 1325
   at ZeroHourStudio.Infrastructure.DependencyResolution.SmartDependencyResolver.ParseIniDependenciesAsync(DependencyNode parentNode, String sourceModPath, UnitDependencyGraph graph) in D:\ZeroHourStudio\ZeroHourStudio.Infrastructure\DependencyResolution\SmartDependencyResolver.cs:line 225
[2026-02-07 22:56:29] [Error] تعذر تحليل INI: !!ProjectXRe_INI.big::Data\INI\Object\Neutral\TechBuildings\ReinforcementPad.ini | ملف الأرشيف غير موجود: !!ProjectXRe_INI.big
[2026-02-07 22:56:29] [Info] Stack:    at ZeroHourStudio.Infrastructure.Archives.BigArchiveManager..ctor(String archivePath) in D:\ZeroHourStudio\ZeroHourStudio.Infrastructure\Archives\BigArchiveManager.cs:line 28
   at ZeroHourStudio.Infrastructure.DependencyResolution.SmartDependencyResolver.ReadIniContentAsync(String path) in D:\ZeroHourStudio\ZeroHourStudio.Infrastructure\DependencyResolution\SmartDependencyResolver.cs:line 1411
   at ZeroHourStudio.Infrastructure.DependencyResolution.SmartDependencyResolver.ReadIniContentCachedAsync(String path) in D:\ZeroHourStudio\ZeroHourStudio.Infrastructure\DependencyResolution\SmartDependencyResolver.cs:line 1325
   at ZeroHourStudio.Infrastructure.DependencyResolution.SmartDependencyResolver.ParseIniDependenciesAsync(DependencyNode parentNode, String sourceModPath, UnitDependencyGraph graph) in D:\ZeroHourStudio\ZeroHourStudio.Infrastructure\DependencyResolution\SmartDependencyResolver.cs:line 225
